  CREATE_STREAM @0 {NAME:seq T:TVM SCOPE:uvm_test_top.env_h.mst.sqr STREAM:1}
BEGIN @0 {TXH:2 STREAM:1 NAME:seq TIME=0  TYPE="Begin_No_Parent, Link" LABEL:"" DESC=""}
BEGIN @25 {TXH:3 STREAM:1 NAME:tx TIME=0  TYPE="Begin_End, Link" LABEL:"" DESC=""}
  LINK @25 {TXH1:2 TXH2:3 RELATION=child}
  SET_ATTR @25 {TXH:3 NAME:A VALUE:9177   RADIX:UVM_HEX BITS=32}
  SET_ATTR @25 {TXH:3 NAME:B VALUE:9725   RADIX:UVM_HEX BITS=32}
END @25 {TXH:3 TIME=0}
FREE @25 {TXH:3}
  CREATE_STREAM @25 {NAME:driver T:TVM SCOPE:uvm_test_top.env_h.mst.drv STREAM:4}
BEGIN @25 {TXH:5 STREAM:4 NAME:tx TIME=0  TYPE="Begin_End, Link" LABEL:"" DESC=""}
  LINK @25 {TXH1:2 TXH2:5 RELATION=child}
  SET_ATTR @35 {TXH:5 NAME:A VALUE:9177   RADIX:UVM_HEX BITS=32}
  SET_ATTR @35 {TXH:5 NAME:B VALUE:9725   RADIX:UVM_HEX BITS=32}
END @35 {TXH:5 TIME=0}
FREE @35 {TXH:5}
  CREATE_STREAM @35 {NAME:monitor T:TVM SCOPE:uvm_test_top.env_h.mst.mon STREAM:6}
BEGIN @35 {TXH:7 STREAM:6 NAME:tr TIME=0  TYPE="Begin_No_Parent, Link" LABEL:"" DESC=""}
  SET_ATTR @45 {TXH:7 NAME:A VALUE:9177   RADIX:UVM_HEX BITS=32}
  SET_ATTR @45 {TXH:7 NAME:B VALUE:9725   RADIX:UVM_HEX BITS=32}
END @45 {TXH:7 TIME=0}
FREE @45 {TXH:7}
  CREATE_STREAM @45 {NAME:monitor_out T:TVM SCOPE:uvm_test_top.env_h.slv.mon_out STREAM:8}
BEGIN @45 {TXH:9 STREAM:8 NAME:tr TIME=0  TYPE="Begin_No_Parent, Link" LABEL:"" DESC=""}
  SET_ATTR @55 {TXH:9 NAME:data VALUE:89246325   RADIX:UVM_HEX BITS=32}
END @55 {TXH:9 TIME=0}
FREE @55 {TXH:9}
BEGIN @55 {TXH:10 STREAM:1 NAME:tx TIME=0  TYPE="Begin_End, Link" LABEL:"" DESC=""}
  LINK @55 {TXH1:2 TXH2:10 RELATION=child}
  SET_ATTR @55 {TXH:10 NAME:A VALUE:9536   RADIX:UVM_HEX BITS=32}
  SET_ATTR @55 {TXH:10 NAME:B VALUE:1307   RADIX:UVM_HEX BITS=32}
END @55 {TXH:10 TIME=0}
FREE @55 {TXH:10}
BEGIN @55 {TXH:11 STREAM:4 NAME:tx TIME=0  TYPE="Begin_End, Link" LABEL:"" DESC=""}
  LINK @55 {TXH1:2 TXH2:11 RELATION=child}
  SET_ATTR @65 {TXH:11 NAME:A VALUE:9536   RADIX:UVM_HEX BITS=32}
  SET_ATTR @65 {TXH:11 NAME:B VALUE:1307   RADIX:UVM_HEX BITS=32}
END @65 {TXH:11 TIME=0}
FREE @65 {TXH:11}
BEGIN @65 {TXH:12 STREAM:6 NAME:tr TIME=0  TYPE="Begin_No_Parent, Link" LABEL:"" DESC=""}
  SET_ATTR @75 {TXH:12 NAME:A VALUE:9536   RADIX:UVM_HEX BITS=32}
  SET_ATTR @75 {TXH:12 NAME:B VALUE:1307   RADIX:UVM_HEX BITS=32}
END @75 {TXH:12 TIME=0}
FREE @75 {TXH:12}
BEGIN @75 {TXH:13 STREAM:8 NAME:tr TIME=0  TYPE="Begin_No_Parent, Link" LABEL:"" DESC=""}
  SET_ATTR @85 {TXH:13 NAME:data VALUE:12463552   RADIX:UVM_HEX BITS=32}
END @85 {TXH:13 TIME=0}
FREE @85 {TXH:13}
BEGIN @85 {TXH:14 STREAM:1 NAME:tx TIME=0  TYPE="Begin_End, Link" LABEL:"" DESC=""}
  LINK @85 {TXH1:2 TXH2:14 RELATION=child}
  SET_ATTR @85 {TXH:14 NAME:A VALUE:3035   RADIX:UVM_HEX BITS=32}
  SET_ATTR @85 {TXH:14 NAME:B VALUE:2330   RADIX:UVM_HEX BITS=32}
END @85 {TXH:14 TIME=0}
FREE @85 {TXH:14}
BEGIN @85 {TXH:15 STREAM:4 NAME:tx TIME=0  TYPE="Begin_End, Link" LABEL:"" DESC=""}
  LINK @85 {TXH1:2 TXH2:15 RELATION=child}
  SET_ATTR @95 {TXH:15 NAME:A VALUE:3035   RADIX:UVM_HEX BITS=32}
  SET_ATTR @95 {TXH:15 NAME:B VALUE:2330   RADIX:UVM_HEX BITS=32}
END @95 {TXH:15 TIME=0}
FREE @95 {TXH:15}
BEGIN @95 {TXH:16 STREAM:6 NAME:tr TIME=0  TYPE="Begin_No_Parent, Link" LABEL:"" DESC=""}
