  CREATE_STREAM @0 {NAME:seq T:TVM SCOPE:uvm_test_top.env_h.mst.sqr STREAM:1}
BEGIN @0 {TXH:2 STREAM:1 NAME:seq TIME=0  TYPE="Begin_No_Parent, Link" LABEL:"" DESC=""}
BEGIN @25 {TXH:3 STREAM:1 NAME:tx TIME=0  TYPE="Begin_End, Link" LABEL:"" DESC=""}
  LINK @25 {TXH1:2 TXH2:3 RELATION=child}
  SET_ATTR @25 {TXH:3 NAME:A VALUE:731014105   RADIX:UVM_HEX BITS=32}
  SET_ATTR @25 {TXH:3 NAME:B VALUE:175121917   RADIX:UVM_HEX BITS=32}
END @25 {TXH:3 TIME=0}
FREE @25 {TXH:3}
  CREATE_STREAM @25 {NAME:driver T:TVM SCOPE:uvm_test_top.env_h.mst.drv STREAM:4}
BEGIN @25 {TXH:5 STREAM:4 NAME:tx TIME=0  TYPE="Begin_End, Link" LABEL:"" DESC=""}
  LINK @25 {TXH1:2 TXH2:5 RELATION=child}
  SET_ATTR @35 {TXH:5 NAME:A VALUE:731014105   RADIX:UVM_HEX BITS=32}
  SET_ATTR @35 {TXH:5 NAME:B VALUE:175121917   RADIX:UVM_HEX BITS=32}
END @35 {TXH:5 TIME=0}
FREE @35 {TXH:5}
  CREATE_STREAM @35 {NAME:monitor T:TVM SCOPE:uvm_test_top.env_h.mst.mon STREAM:6}
BEGIN @35 {TXH:7 STREAM:6 NAME:tr TIME=0  TYPE="Begin_No_Parent, Link" LABEL:"" DESC=""}
  SET_ATTR @45 {TXH:7 NAME:A VALUE:731014105   RADIX:UVM_HEX BITS=32}
  SET_ATTR @45 {TXH:7 NAME:B VALUE:175121917   RADIX:UVM_HEX BITS=32}
END @45 {TXH:7 TIME=0}
FREE @45 {TXH:7}
BEGIN @55 {TXH:8 STREAM:1 NAME:tx TIME=0  TYPE="Begin_End, Link" LABEL:"" DESC=""}
  LINK @55 {TXH1:2 TXH2:8 RELATION=child}
  SET_ATTR @55 {TXH:8 NAME:A VALUE:80379531   RADIX:UVM_HEX BITS=32}
  SET_ATTR @55 {TXH:8 NAME:B VALUE:2702342644   RADIX:UVM_HEX BITS=32}
END @55 {TXH:8 TIME=0}
FREE @55 {TXH:8}
BEGIN @55 {TXH:9 STREAM:4 NAME:tx TIME=0  TYPE="Begin_End, Link" LABEL:"" DESC=""}
  LINK @55 {TXH1:2 TXH2:9 RELATION=child}
  CREATE_STREAM @85 {NAME:monitor_out T:TVM SCOPE:uvm_test_top.env_h.slv.mon_out STREAM:10}
BEGIN @85 {TXH:11 STREAM:10 NAME:tr TIME=0  TYPE="Begin_No_Parent, Link" LABEL:"" DESC=""}
BEGIN @95 {TXH:12 STREAM:6 NAME:tr TIME=0  TYPE="Begin_No_Parent, Link" LABEL:"" DESC=""}
  SET_ATTR @95 {TXH:9 NAME:A VALUE:80379531   RADIX:UVM_HEX BITS=32}
  SET_ATTR @95 {TXH:9 NAME:B VALUE:2702342644   RADIX:UVM_HEX BITS=32}
END @95 {TXH:9 TIME=0}
FREE @95 {TXH:9}
  SET_ATTR @95 {TXH:11 NAME:data VALUE:X   RADIX:UVM_HEX BITS=32}
END @95 {TXH:11 TIME=0}
FREE @95 {TXH:11}
  SET_ATTR @105 {TXH:12 NAME:A VALUE:80379531   RADIX:UVM_HEX BITS=32}
  SET_ATTR @105 {TXH:12 NAME:B VALUE:2702342644   RADIX:UVM_HEX BITS=32}
END @105 {TXH:12 TIME=0}
FREE @105 {TXH:12}
BEGIN @115 {TXH:13 STREAM:1 NAME:tx TIME=0  TYPE="Begin_End, Link" LABEL:"" DESC=""}
  LINK @115 {TXH1:2 TXH2:13 RELATION=child}
  SET_ATTR @115 {TXH:13 NAME:A VALUE:260878708   RADIX:UVM_HEX BITS=32}
  SET_ATTR @115 {TXH:13 NAME:B VALUE:3812952346   RADIX:UVM_HEX BITS=32}
END @115 {TXH:13 TIME=0}
FREE @115 {TXH:13}
BEGIN @115 {TXH:14 STREAM:4 NAME:tx TIME=0  TYPE="Begin_End, Link" LABEL:"" DESC=""}
  LINK @115 {TXH1:2 TXH2:14 RELATION=child}
BEGIN @145 {TXH:15 STREAM:10 NAME:tr TIME=0  TYPE="Begin_No_Parent, Link" LABEL:"" DESC=""}
BEGIN @155 {TXH:16 STREAM:6 NAME:tr TIME=0  TYPE="Begin_No_Parent, Link" LABEL:"" DESC=""}
  SET_ATTR @155 {TXH:14 NAME:A VALUE:260878708   RADIX:UVM_HEX BITS=32}
  SET_ATTR @155 {TXH:14 NAME:B VALUE:3812952346   RADIX:UVM_HEX BITS=32}
END @155 {TXH:14 TIME=0}
FREE @155 {TXH:14}
  SET_ATTR @155 {TXH:15 NAME:data VALUE:3865557316   RADIX:UVM_HEX BITS=32}
END @155 {TXH:15 TIME=0}
FREE @155 {TXH:15}
  SET_ATTR @165 {TXH:16 NAME:A VALUE:260878708   RADIX:UVM_HEX BITS=32}
  SET_ATTR @165 {TXH:16 NAME:B VALUE:3812952346   RADIX:UVM_HEX BITS=32}
END @165 {TXH:16 TIME=0}
FREE @165 {TXH:16}
BEGIN @175 {TXH:17 STREAM:1 NAME:tx TIME=0  TYPE="Begin_End, Link" LABEL:"" DESC=""}
  LINK @175 {TXH1:2 TXH2:17 RELATION=child}
  SET_ATTR @175 {TXH:17 NAME:A VALUE:4264621708   RADIX:UVM_HEX BITS=32}
  SET_ATTR @175 {TXH:17 NAME:B VALUE:4099804783   RADIX:UVM_HEX BITS=32}
END @175 {TXH:17 TIME=0}
FREE @175 {TXH:17}
BEGIN @175 {TXH:18 STREAM:4 NAME:tx TIME=0  TYPE="Begin_End, Link" LABEL:"" DESC=""}
  LINK @175 {TXH1:2 TXH2:18 RELATION=child}
BEGIN @205 {TXH:19 STREAM:10 NAME:tr TIME=0  TYPE="Begin_No_Parent, Link" LABEL:"" DESC=""}
BEGIN @215 {TXH:20 STREAM:6 NAME:tr TIME=0  TYPE="Begin_No_Parent, Link" LABEL:"" DESC=""}
  SET_ATTR @215 {TXH:18 NAME:A VALUE:4264621708   RADIX:UVM_HEX BITS=32}
  SET_ATTR @215 {TXH:18 NAME:B VALUE:4099804783   RADIX:UVM_HEX BITS=32}
END @215 {TXH:18 TIME=0}
FREE @215 {TXH:18}
  SET_ATTR @215 {TXH:19 NAME:data VALUE:3008926494   RADIX:UVM_HEX BITS=32}
END @215 {TXH:19 TIME=0}
FREE @215 {TXH:19}
  SET_ATTR @225 {TXH:20 NAME:A VALUE:4264621708   RADIX:UVM_HEX BITS=32}
  SET_ATTR @225 {TXH:20 NAME:B VALUE:4099804783   RADIX:UVM_HEX BITS=32}
END @225 {TXH:20 TIME=0}
FREE @225 {TXH:20}
BEGIN @235 {TXH:21 STREAM:1 NAME:tx TIME=0  TYPE="Begin_End, Link" LABEL:"" DESC=""}
  LINK @235 {TXH1:2 TXH2:21 RELATION=child}
  SET_ATTR @235 {TXH:21 NAME:A VALUE:2682128719   RADIX:UVM_HEX BITS=32}
  SET_ATTR @235 {TXH:21 NAME:B VALUE:3715728877   RADIX:UVM_HEX BITS=32}
END @235 {TXH:21 TIME=0}
FREE @235 {TXH:21}
BEGIN @235 {TXH:22 STREAM:4 NAME:tx TIME=0  TYPE="Begin_End, Link" LABEL:"" DESC=""}
  LINK @235 {TXH1:2 TXH2:22 RELATION=child}
BEGIN @265 {TXH:23 STREAM:10 NAME:tr TIME=0  TYPE="Begin_No_Parent, Link" LABEL:"" DESC=""}
BEGIN @275 {TXH:24 STREAM:6 NAME:tr TIME=0  TYPE="Begin_No_Parent, Link" LABEL:"" DESC=""}
  SET_ATTR @275 {TXH:22 NAME:A VALUE:2682128719   RADIX:UVM_HEX BITS=32}
  SET_ATTR @275 {TXH:22 NAME:B VALUE:3715728877   RADIX:UVM_HEX BITS=32}
END @275 {TXH:22 TIME=0}
FREE @275 {TXH:22}
  SET_ATTR @275 {TXH:23 NAME:data VALUE:2139095040   RADIX:UVM_HEX BITS=32}
END @275 {TXH:23 TIME=0}
FREE @275 {TXH:23}
  SET_ATTR @285 {TXH:24 NAME:A VALUE:2682128719   RADIX:UVM_HEX BITS=32}
  SET_ATTR @285 {TXH:24 NAME:B VALUE:3715728877   RADIX:UVM_HEX BITS=32}
END @285 {TXH:24 TIME=0}
FREE @285 {TXH:24}
BEGIN @295 {TXH:25 STREAM:1 NAME:tx TIME=0  TYPE="Begin_End, Link" LABEL:"" DESC=""}
  LINK @295 {TXH1:2 TXH2:25 RELATION=child}
  SET_ATTR @295 {TXH:25 NAME:A VALUE:140412694   RADIX:UVM_HEX BITS=32}
  SET_ATTR @295 {TXH:25 NAME:B VALUE:1111608308   RADIX:UVM_HEX BITS=32}
END @295 {TXH:25 TIME=0}
FREE @295 {TXH:25}
BEGIN @295 {TXH:26 STREAM:4 NAME:tx TIME=0  TYPE="Begin_End, Link" LABEL:"" DESC=""}
  LINK @295 {TXH1:2 TXH2:26 RELATION=child}
BEGIN @325 {TXH:27 STREAM:10 NAME:tr TIME=0  TYPE="Begin_No_Parent, Link" LABEL:"" DESC=""}
BEGIN @335 {TXH:28 STREAM:6 NAME:tr TIME=0  TYPE="Begin_No_Parent, Link" LABEL:"" DESC=""}
  SET_ATTR @335 {TXH:26 NAME:A VALUE:140412694   RADIX:UVM_HEX BITS=32}
  SET_ATTR @335 {TXH:26 NAME:B VALUE:1111608308   RADIX:UVM_HEX BITS=32}
END @335 {TXH:26 TIME=0}
FREE @335 {TXH:26}
  SET_ATTR @335 {TXH:27 NAME:data VALUE:1037593398   RADIX:UVM_HEX BITS=32}
END @335 {TXH:27 TIME=0}
FREE @335 {TXH:27}
  SET_ATTR @345 {TXH:28 NAME:A VALUE:140412694   RADIX:UVM_HEX BITS=32}
  SET_ATTR @345 {TXH:28 NAME:B VALUE:1111608308   RADIX:UVM_HEX BITS=32}
END @345 {TXH:28 TIME=0}
FREE @345 {TXH:28}
BEGIN @355 {TXH:29 STREAM:1 NAME:tx TIME=0  TYPE="Begin_End, Link" LABEL:"" DESC=""}
  LINK @355 {TXH1:2 TXH2:29 RELATION=child}
  SET_ATTR @355 {TXH:29 NAME:A VALUE:3761234779   RADIX:UVM_HEX BITS=32}
  SET_ATTR @355 {TXH:29 NAME:B VALUE:3947285453   RADIX:UVM_HEX BITS=32}
END @355 {TXH:29 TIME=0}
FREE @355 {TXH:29}
BEGIN @355 {TXH:30 STREAM:4 NAME:tx TIME=0  TYPE="Begin_End, Link" LABEL:"" DESC=""}
  LINK @355 {TXH1:2 TXH2:30 RELATION=child}
BEGIN @385 {TXH:31 STREAM:10 NAME:tr TIME=0  TYPE="Begin_No_Parent, Link" LABEL:"" DESC=""}
BEGIN @395 {TXH:32 STREAM:6 NAME:tr TIME=0  TYPE="Begin_No_Parent, Link" LABEL:"" DESC=""}
  SET_ATTR @395 {TXH:30 NAME:A VALUE:3761234779   RADIX:UVM_HEX BITS=32}
  SET_ATTR @395 {TXH:30 NAME:B VALUE:3947285453   RADIX:UVM_HEX BITS=32}
END @395 {TXH:30 TIME=0}
FREE @395 {TXH:30}
  SET_ATTR @395 {TXH:31 NAME:data VALUE:187200801   RADIX:UVM_HEX BITS=32}
END @395 {TXH:31 TIME=0}
FREE @395 {TXH:31}
  SET_ATTR @405 {TXH:32 NAME:A VALUE:3761234779   RADIX:UVM_HEX BITS=32}
  SET_ATTR @405 {TXH:32 NAME:B VALUE:3947285453   RADIX:UVM_HEX BITS=32}
END @405 {TXH:32 TIME=0}
FREE @405 {TXH:32}
BEGIN @415 {TXH:33 STREAM:1 NAME:tx TIME=0  TYPE="Begin_End, Link" LABEL:"" DESC=""}
  LINK @415 {TXH1:2 TXH2:33 RELATION=child}
  SET_ATTR @415 {TXH:33 NAME:A VALUE:2531376513   RADIX:UVM_HEX BITS=32}
  SET_ATTR @415 {TXH:33 NAME:B VALUE:3371244592   RADIX:UVM_HEX BITS=32}
END @415 {TXH:33 TIME=0}
FREE @415 {TXH:33}
BEGIN @415 {TXH:34 STREAM:4 NAME:tx TIME=0  TYPE="Begin_End, Link" LABEL:"" DESC=""}
  LINK @415 {TXH1:2 TXH2:34 RELATION=child}
BEGIN @445 {TXH:35 STREAM:10 NAME:tr TIME=0  TYPE="Begin_No_Parent, Link" LABEL:"" DESC=""}
BEGIN @455 {TXH:36 STREAM:6 NAME:tr TIME=0  TYPE="Begin_No_Parent, Link" LABEL:"" DESC=""}
  SET_ATTR @455 {TXH:34 NAME:A VALUE:2531376513   RADIX:UVM_HEX BITS=32}
  SET_ATTR @455 {TXH:34 NAME:B VALUE:3371244592   RADIX:UVM_HEX BITS=32}
END @455 {TXH:34 TIME=0}
FREE @455 {TXH:34}
  SET_ATTR @455 {TXH:35 NAME:data VALUE:2139095040   RADIX:UVM_HEX BITS=32}
END @455 {TXH:35 TIME=0}
FREE @455 {TXH:35}
  SET_ATTR @465 {TXH:36 NAME:A VALUE:2531376513   RADIX:UVM_HEX BITS=32}
  SET_ATTR @465 {TXH:36 NAME:B VALUE:3371244592   RADIX:UVM_HEX BITS=32}
END @465 {TXH:36 TIME=0}
FREE @465 {TXH:36}
BEGIN @475 {TXH:37 STREAM:1 NAME:tx TIME=0  TYPE="Begin_End, Link" LABEL:"" DESC=""}
  LINK @475 {TXH1:2 TXH2:37 RELATION=child}
  SET_ATTR @475 {TXH:37 NAME:A VALUE:3872680796   RADIX:UVM_HEX BITS=32}
  SET_ATTR @475 {TXH:37 NAME:B VALUE:3462746173   RADIX:UVM_HEX BITS=32}
END @475 {TXH:37 TIME=0}
FREE @475 {TXH:37}
BEGIN @475 {TXH:38 STREAM:4 NAME:tx TIME=0  TYPE="Begin_End, Link" LABEL:"" DESC=""}
  LINK @475 {TXH1:2 TXH2:38 RELATION=child}
BEGIN @505 {TXH:39 STREAM:10 NAME:tr TIME=0  TYPE="Begin_No_Parent, Link" LABEL:"" DESC=""}
BEGIN @515 {TXH:40 STREAM:6 NAME:tr TIME=0  TYPE="Begin_No_Parent, Link" LABEL:"" DESC=""}
  SET_ATTR @515 {TXH:38 NAME:A VALUE:3872680796   RADIX:UVM_HEX BITS=32}
  SET_ATTR @515 {TXH:38 NAME:B VALUE:3462746173   RADIX:UVM_HEX BITS=32}
END @515 {TXH:38 TIME=0}
FREE @515 {TXH:38}
  SET_ATTR @515 {TXH:39 NAME:data VALUE:542415937   RADIX:UVM_HEX BITS=32}
END @515 {TXH:39 TIME=0}
FREE @515 {TXH:39}
  SET_ATTR @525 {TXH:40 NAME:A VALUE:3872680796   RADIX:UVM_HEX BITS=32}
  SET_ATTR @525 {TXH:40 NAME:B VALUE:3462746173   RADIX:UVM_HEX BITS=32}
END @525 {TXH:40 TIME=0}
FREE @525 {TXH:40}
BEGIN @535 {TXH:41 STREAM:1 NAME:tx TIME=0  TYPE="Begin_End, Link" LABEL:"" DESC=""}
  LINK @535 {TXH1:2 TXH2:41 RELATION=child}
  SET_ATTR @535 {TXH:41 NAME:A VALUE:2373230244   RADIX:UVM_HEX BITS=32}
  SET_ATTR @535 {TXH:41 NAME:B VALUE:2938263881   RADIX:UVM_HEX BITS=32}
END @535 {TXH:41 TIME=0}
FREE @535 {TXH:41}
BEGIN @535 {TXH:42 STREAM:4 NAME:tx TIME=0  TYPE="Begin_End, Link" LABEL:"" DESC=""}
  LINK @535 {TXH1:2 TXH2:42 RELATION=child}
BEGIN @565 {TXH:43 STREAM:10 NAME:tr TIME=0  TYPE="Begin_No_Parent, Link" LABEL:"" DESC=""}
BEGIN @575 {TXH:44 STREAM:6 NAME:tr TIME=0  TYPE="Begin_No_Parent, Link" LABEL:"" DESC=""}
  SET_ATTR @575 {TXH:42 NAME:A VALUE:2373230244   RADIX:UVM_HEX BITS=32}
  SET_ATTR @575 {TXH:42 NAME:B VALUE:2938263881   RADIX:UVM_HEX BITS=32}
END @575 {TXH:42 TIME=0}
FREE @575 {TXH:42}
  SET_ATTR @575 {TXH:43 NAME:data VALUE:1975404189   RADIX:UVM_HEX BITS=32}
END @575 {TXH:43 TIME=0}
FREE @575 {TXH:43}
  SET_ATTR @585 {TXH:44 NAME:A VALUE:2373230244   RADIX:UVM_HEX BITS=32}
  SET_ATTR @585 {TXH:44 NAME:B VALUE:2938263881   RADIX:UVM_HEX BITS=32}
END @585 {TXH:44 TIME=0}
FREE @585 {TXH:44}
BEGIN @595 {TXH:45 STREAM:1 NAME:tx TIME=0  TYPE="Begin_End, Link" LABEL:"" DESC=""}
  LINK @595 {TXH1:2 TXH2:45 RELATION=child}
  SET_ATTR @595 {TXH:45 NAME:A VALUE:1541776121   RADIX:UVM_HEX BITS=32}
  SET_ATTR @595 {TXH:45 NAME:B VALUE:1428688626   RADIX:UVM_HEX BITS=32}
END @595 {TXH:45 TIME=0}
FREE @595 {TXH:45}
BEGIN @595 {TXH:46 STREAM:4 NAME:tx TIME=0  TYPE="Begin_End, Link" LABEL:"" DESC=""}
  LINK @595 {TXH1:2 TXH2:46 RELATION=child}
BEGIN @625 {TXH:47 STREAM:10 NAME:tr TIME=0  TYPE="Begin_No_Parent, Link" LABEL:"" DESC=""}
BEGIN @635 {TXH:48 STREAM:6 NAME:tr TIME=0  TYPE="Begin_No_Parent, Link" LABEL:"" DESC=""}
  SET_ATTR @635 {TXH:46 NAME:A VALUE:1541776121   RADIX:UVM_HEX BITS=32}
  SET_ATTR @635 {TXH:46 NAME:B VALUE:1428688626   RADIX:UVM_HEX BITS=32}
END @635 {TXH:46 TIME=0}
FREE @635 {TXH:46}
  SET_ATTR @635 {TXH:47 NAME:data VALUE:2098930101   RADIX:UVM_HEX BITS=32}
END @635 {TXH:47 TIME=0}
FREE @635 {TXH:47}
  SET_ATTR @645 {TXH:48 NAME:A VALUE:1541776121   RADIX:UVM_HEX BITS=32}
  SET_ATTR @645 {TXH:48 NAME:B VALUE:1428688626   RADIX:UVM_HEX BITS=32}
END @645 {TXH:48 TIME=0}
FREE @645 {TXH:48}
BEGIN @655 {TXH:49 STREAM:1 NAME:tx TIME=0  TYPE="Begin_End, Link" LABEL:"" DESC=""}
  LINK @655 {TXH1:2 TXH2:49 RELATION=child}
  SET_ATTR @655 {TXH:49 NAME:A VALUE:3393944429   RADIX:UVM_HEX BITS=32}
  SET_ATTR @655 {TXH:49 NAME:B VALUE:3716857736   RADIX:UVM_HEX BITS=32}
END @655 {TXH:49 TIME=0}
FREE @655 {TXH:49}
BEGIN @655 {TXH:50 STREAM:4 NAME:tx TIME=0  TYPE="Begin_End, Link" LABEL:"" DESC=""}
  LINK @655 {TXH1:2 TXH2:50 RELATION=child}
BEGIN @685 {TXH:51 STREAM:10 NAME:tr TIME=0  TYPE="Begin_No_Parent, Link" LABEL:"" DESC=""}
BEGIN @695 {TXH:52 STREAM:6 NAME:tr TIME=0  TYPE="Begin_No_Parent, Link" LABEL:"" DESC=""}
  SET_ATTR @695 {TXH:50 NAME:A VALUE:3393944429   RADIX:UVM_HEX BITS=32}
  SET_ATTR @695 {TXH:50 NAME:B VALUE:3716857736   RADIX:UVM_HEX BITS=32}
END @695 {TXH:50 TIME=0}
FREE @695 {TXH:50}
  SET_ATTR @695 {TXH:51 NAME:data VALUE:1905705051   RADIX:UVM_HEX BITS=32}
END @695 {TXH:51 TIME=0}
FREE @695 {TXH:51}
  SET_ATTR @705 {TXH:52 NAME:A VALUE:3393944429   RADIX:UVM_HEX BITS=32}
  SET_ATTR @705 {TXH:52 NAME:B VALUE:3716857736   RADIX:UVM_HEX BITS=32}
END @705 {TXH:52 TIME=0}
FREE @705 {TXH:52}
BEGIN @715 {TXH:53 STREAM:1 NAME:tx TIME=0  TYPE="Begin_End, Link" LABEL:"" DESC=""}
  LINK @715 {TXH1:2 TXH2:53 RELATION=child}
  SET_ATTR @715 {TXH:53 NAME:A VALUE:1712994403   RADIX:UVM_HEX BITS=32}
  SET_ATTR @715 {TXH:53 NAME:B VALUE:601358051   RADIX:UVM_HEX BITS=32}
END @715 {TXH:53 TIME=0}
FREE @715 {TXH:53}
BEGIN @715 {TXH:54 STREAM:4 NAME:tx TIME=0  TYPE="Begin_End, Link" LABEL:"" DESC=""}
  LINK @715 {TXH1:2 TXH2:54 RELATION=child}
BEGIN @745 {TXH:55 STREAM:10 NAME:tr TIME=0  TYPE="Begin_No_Parent, Link" LABEL:"" DESC=""}
BEGIN @755 {TXH:56 STREAM:6 NAME:tr TIME=0  TYPE="Begin_No_Parent, Link" LABEL:"" DESC=""}
  SET_ATTR @755 {TXH:54 NAME:A VALUE:1712994403   RADIX:UVM_HEX BITS=32}
  SET_ATTR @755 {TXH:54 NAME:B VALUE:601358051   RADIX:UVM_HEX BITS=32}
END @755 {TXH:54 TIME=0}
FREE @755 {TXH:54}
  SET_ATTR @755 {TXH:55 NAME:data VALUE:1750897036   RADIX:UVM_HEX BITS=32}
END @755 {TXH:55 TIME=0}
FREE @755 {TXH:55}
  SET_ATTR @765 {TXH:56 NAME:A VALUE:1712994403   RADIX:UVM_HEX BITS=32}
  SET_ATTR @765 {TXH:56 NAME:B VALUE:601358051   RADIX:UVM_HEX BITS=32}
END @765 {TXH:56 TIME=0}
FREE @765 {TXH:56}
BEGIN @775 {TXH:57 STREAM:1 NAME:tx TIME=0  TYPE="Begin_End, Link" LABEL:"" DESC=""}
  LINK @775 {TXH1:2 TXH2:57 RELATION=child}
  SET_ATTR @775 {TXH:57 NAME:A VALUE:3547324387   RADIX:UVM_HEX BITS=32}
  SET_ATTR @775 {TXH:57 NAME:B VALUE:350842963   RADIX:UVM_HEX BITS=32}
END @775 {TXH:57 TIME=0}
FREE @775 {TXH:57}
BEGIN @775 {TXH:58 STREAM:4 NAME:tx TIME=0  TYPE="Begin_End, Link" LABEL:"" DESC=""}
  LINK @775 {TXH1:2 TXH2:58 RELATION=child}
