\BOOKMARK [0][-]{chapter.1}{\376\377\000I\000n\000t\000r\000o\000d\000u\000c\000t\000i\000o\000n}{}% 1
\BOOKMARK [1][-]{section.1.1}{\376\377\000S\000c\000h\000e\000m\000a\000t\000i\000c}{chapter.1}% 2
\BOOKMARK [0][-]{chapter.2}{\376\377\000D\000a\000t\000a\000p\000a\000t\000h}{}% 3
\BOOKMARK [1][-]{section.2.1}{\376\377\000F\000e\000t\000c\000h\000\040\000S\000t\000a\000g\000e}{chapter.2}% 4
\BOOKMARK [1][-]{section.2.2}{\376\377\000D\000e\000c\000o\000d\000e\000\040\000S\000t\000a\000g\000e}{chapter.2}% 5
\BOOKMARK [2][-]{subsection.2.2.1}{\376\377\000R\000e\000g\000i\000s\000t\000e\000r\000\040\000F\000i\000l\000e}{section.2.2}% 6
\BOOKMARK [2][-]{subsection.2.2.2}{\376\377\000I\000m\000m\000e\000d\000i\000a\000t\000e\000\040\000g\000e\000n\000e\000r\000a\000t\000o\000r}{section.2.2}% 7
\BOOKMARK [1][-]{section.2.3}{\376\377\000E\000x\000e\000c\000u\000t\000e\000\040\000S\000t\000a\000g\000e}{chapter.2}% 8
\BOOKMARK [2][-]{subsection.2.3.1}{\376\377\000A\000L\000U}{section.2.3}% 9
\BOOKMARK [2][-]{subsection.2.3.2}{\376\377\000A\000b\000s\000o\000l\000u\000t\000e\000\040\000M\000o\000d\000u\000l\000e}{section.2.3}% 10
\BOOKMARK [2][-]{subsection.2.3.3}{\376\377\000F\000o\000r\000w\000a\000r\000d\000i\000n\000g\000\040\000U\000n\000i\000t}{section.2.3}% 11
\BOOKMARK [1][-]{section.2.4}{\376\377\000M\000e\000m\000o\000r\000y\000\040\000S\000t\000a\000g\000e}{chapter.2}% 12
\BOOKMARK [1][-]{section.2.5}{\376\377\000W\000r\000i\000t\000e\000\040\000B\000a\000c\000k\000\040\000S\000t\000a\000g\000e}{chapter.2}% 13
\BOOKMARK [0][-]{chapter.3}{\376\377\000C\000o\000n\000t\000r\000o\000l\000\040\000U\000n\000i\000t}{}% 14
\BOOKMARK [0][-]{chapter.4}{\376\377\000H\000a\000z\000a\000r\000d\000s}{}% 15
\BOOKMARK [1][-]{section.4.1}{\376\377\000D\000a\000t\000a\000\040\000H\000a\000z\000a\000r\000d\000s\000\040\000U\000n\000i\000t}{chapter.4}% 16
\BOOKMARK [1][-]{section.4.2}{\376\377\000B\000r\000a\000n\000c\000h\000\040\000D\000e\000t\000e\000c\000t\000i\000o\000n}{chapter.4}% 17
\BOOKMARK [0][-]{chapter.5}{\376\377\000T\000e\000s\000t\000b\000e\000n\000c\000h}{}% 18
\BOOKMARK [1][-]{section.5.1}{\376\377\000M\000e\000m\000o\000r\000y\000\040\000c\000o\000m\000p\000o\000n\000e\000n\000t}{chapter.5}% 19
\BOOKMARK [1][-]{section.5.2}{\376\377\000A\000S\000M\000\040\000c\000o\000d\000e}{chapter.5}% 20
\BOOKMARK [1][-]{section.5.3}{\376\377\000A\000B\000S\000\040\000f\000u\000n\000c\000t\000i\000o\000n}{chapter.5}% 21
\BOOKMARK [1][-]{section.5.4}{\376\377\000C\000o\000n\000c\000l\000u\000s\000i\000o\000n}{chapter.5}% 22
\BOOKMARK [0][-]{chapter.6}{\376\377\000S\000y\000n\000t\000h\000e\000s\000i\000s\000\040\000a\000n\000d\000\040\000P\000l\000a\000c\000e\000\040\000\046\000\040\000R\000o\000u\000t\000e}{}% 23
\BOOKMARK [1][-]{section.6.1}{\376\377\000S\000h\000y\000n\000t\000h\000e\000s\000i\000s}{chapter.6}% 24
\BOOKMARK [1][-]{section.6.2}{\376\377\000P\000l\000a\000c\000e\000\040\000\046\000\040\000R\000o\000u\000t\000e}{chapter.6}% 25
