/software/synopsys/syn_current_64.18/auxx/gui/dv/dv_setup.tcl
/software/synopsys/syn_current_64.18/auxx/gui/syn/snpsSynProcs.tcl
/software/synopsys/syn_current_64.18/auxx/gui/syn/layout/pkgIndex.tcl
/software/synopsys/syn_current_64.18/auxx/gui/common/histogram/pkgIndex.tcl
/software/synopsys/syn_current_64.18/auxx/gui/common/misc/pkgIndex.tcl
/software/synopsys/syn_current_64.18/auxx/gui/common/view/pkgIndex.tcl
/software/synopsys/syn_current_64.18/auxx/gui/common/tiledview/pkgIndex.tcl
/software/synopsys/syn_current_64.18/auxx/gui/common/tcl-dp/pkgIndex.tcl
/software/synopsys/syn_current_64.18/auxx/gui/common/fanoutviewer/pkgIndex.tcl
/software/synopsys/syn_current_64.18/auxx/gui/common/commandform/pkgIndex.tcl
/software/synopsys/syn_current_64.18/auxx/gui/common/setup/pkgIndex.tcl
/software/synopsys/syn_current_64.18/auxx/gui/common/WindowFrameWork/pkgIndex.tcl
/software/synopsys/syn_current_64.18/auxx/gui/common/hierarchy/pkgIndex.tcl
/software/synopsys/syn_current_64.18/auxx/gui/common/profiler/pkgIndex.tcl
/software/synopsys/syn_current_64.18/auxx/gui/common/strokes/pkgIndex.tcl
/software/synopsys/syn_current_64.18/auxx/gui/common/timing/pkgIndex.tcl
/software/synopsys/syn_current_64.18/auxx/gui/common/dialogs/pkgIndex.tcl
/software/synopsys/syn_current_64.18/auxx/gui/common/regressionToolkit/pkgIndex.tcl
/software/synopsys/syn_current_64.18/auxx/gui/common/qtcl/pkgIndex.tcl
/software/synopsys/syn_current_64.18/auxx/gui/common/acg/pkgIndex.tcl
/software/synopsys/syn_current_64.18/auxx/gui/common/docBrowser/pkgIndex.tcl
/software/synopsys/syn_current_64.18/auxx/gui/common/highlight/pkgIndex.tcl
/software/synopsys/syn_current_64.18/auxx/gui/common/layout/pkgIndex.tcl
/software/synopsys/syn_current_64.18/auxx/gui/common/mrupalette/pkgIndex.tcl
/software/synopsys/syn_current_64.18/auxx/gui/common/table/pkgIndex.tcl
/software/synopsys/syn_current_64.18/auxx/gui/common/schematic/pkgIndex.tcl
/software/synopsys/syn_current_64.18/auxx/gui/common/palettegroup/pkgIndex.tcl
/software/synopsys/syn_current_64.18/auxx/gui/common/opdlg/pkgIndex.tcl
/software/synopsys/syn_current_64.18/auxx/gui/common/select/pkgIndex.tcl
/software/synopsys/syn_current_64.18/auxx/gui/common/menus/pkgIndex.tcl
/software/synopsys/syn_current_64.18/auxx/gui/common/pathinspector/pkgIndex.tcl
/software/synopsys/syn_current_64.18/auxx/gui/common/tq/pkgIndex.tcl
/software/synopsys/syn_current_64.18/auxx/gui/common/libviewer/pkgIndex.tcl
/software/synopsys/syn_current_64.18/auxx/gui/dv/pkgIndex.tcl
/software/synopsys/syn_current_64.18/auxx/syn/lib/pkgIndex.tcl
/software/synopsys/syn_current_64.18/auxx/tcllib/lib/iwidgets4.1/pkgIndex.tcl
/software/synopsys/syn_current_64.18/auxx/tcllib/snps_tcl/snpsUtils/pkgIndex.tcl
/software/synopsys/syn_current_64.18/auxx/tcllib/snps_tcl/snpsTest/pkgIndex.tcl
/software/synopsys/syn_current_64.18/auxx/tcllib/snps_tcl/snpsTclPro/pkgIndex.tcl
/software/synopsys/syn_current_64.18/auxx/tcllib/snps_tcl/pkgIndex.tcl
/software/synopsys/syn_current_64.18/auxx/tcllib/lib/tcl8.6/dde/pkgIndex.tcl
/software/synopsys/syn_current_64.18/auxx/tcllib/lib/tcl8.6/tcltest/pkgIndex.tcl
/software/synopsys/syn_current_64.18/auxx/tcllib/lib/tcl8.6/http/pkgIndex.tcl
/software/synopsys/syn_current_64.18/auxx/tcllib/lib/tcl8.6/platform/pkgIndex.tcl
/software/synopsys/syn_current_64.18/auxx/tcllib/lib/tcl8.6/opt/pkgIndex.tcl
/software/synopsys/syn_current_64.18/auxx/tcllib/lib/tcl8.6/msgcat/pkgIndex.tcl
/software/synopsys/syn_current_64.18/auxx/tcllib/lib/tcl8.6/reg/pkgIndex.tcl
/software/synopsys/syn_current_64.18/auxx/tcllib/lib/tcl8.6/http1.0/pkgIndex.tcl
/software/synopsys/syn_current_64.18/auxx/gui/common/setup/snpsCommonSetup.tcl
/software/synopsys/syn_current_64.18/auxx/gui/common/setup/snpsCustomize.tcl
/software/synopsys/syn_current_64.18/auxx/gui/common/setup/snpsProcheck.tcl
/software/synopsys/syn_current_64.18/auxx/gui/common/qtcl/.synopsys_qtcl.tcl
/software/synopsys/syn_current_64.18/auxx/gui/common/highlight/highlight.tcl
/software/synopsys/syn_current_64.18/auxx/gui/common/misc/base.tcl
/software/synopsys/syn_current_64.18/auxx/gui/common/misc/timing.tcl
/software/synopsys/syn_current_64.18/auxx/gui/common/misc/setting.tcl
/software/synopsys/syn_current_64.18/auxx/gui/common/misc/preset.tcl
/software/synopsys/syn_current_64.18/auxx/gui/common/WindowFrameWork/windowFrameWork.tcl
/software/synopsys/syn_current_64.18/auxx/gui/common/WindowFrameWork/skipBusyCursorCmdList.tcl
/software/synopsys/syn_current_64.18/auxx/gui/common/docBrowser/docBrowser.tcl
/software/synopsys/syn_current_64.18/auxx/tcllib/snps_tcl/snpsUtils/snpsUtils.tcl
/software/synopsys/syn_current_64.18/auxx/gui/common/dialogs/ObjectChooser.tcl
/software/synopsys/syn_current_64.18/auxx/gui/common/misc/DialogObjectChooser.tcl
/software/synopsys/syn_current_64.18/auxx/gui/common/dialogs/HistBinInformation.tcl
/software/synopsys/syn_current_64.18/auxx/gui/common/dialogs/HistBin1Information.tcl
/software/synopsys/syn_current_64.18/auxx/gui/common/dialogs/BinsOnlyInformation.tcl
/software/synopsys/syn_current_64.18/auxx/gui/common/dialogs/FileChooser.tcl
/software/synopsys/syn_current_64.18/auxx/gui/common/dialogs/PathPinSimpleInfo.tcl
/software/synopsys/syn_current_64.18/auxx/gui/common/dialogs/PathsBasicInfo.tcl
/software/synopsys/syn_current_64.18/auxx/gui/common/dialogs/PathsBasicSimpleInfo.tcl
/software/synopsys/syn_current_64.18/auxx/gui/common/dialogs/SlctOperationInfo.tcl
/software/synopsys/syn_current_64.18/auxx/gui/common/dialogs/ObjectListInfo.tcl
/software/synopsys/syn_current_64.18/auxx/gui/common/dialogs/FanInOutInfo.tcl
/software/synopsys/syn_current_64.18/auxx/gui/common/dialogs/NumberOfLevelsChooser.tcl
/software/synopsys/syn_current_64.18/auxx/gui/common/dialogs/WindowReuseInfo.tcl
/software/synopsys/syn_current_64.18/auxx/gui/common/dialogs/ReportOutputOptionInfo.tcl
/software/synopsys/syn_current_64.18/auxx/gui/common/setup/snpsCollections.tcl
/software/synopsys/syn_current_64.18/auxx/gui/common/dialogs/CompileLinkDesign.tcl
/software/synopsys/syn_current_64.18/auxx/gui/common/histogram/DialogEndpointSlack.tcl
/software/synopsys/syn_current_64.18/auxx/gui/common/histogram/DialogPathsSlack.tcl
/software/synopsys/syn_current_64.18/auxx/gui/common/histogram/DialogNetCapacitance.tcl
/software/synopsys/syn_current_64.18/auxx/gui/common/schematic/DialogPathSchematicFanInOut.tcl
/software/synopsys/syn_current_64.18/auxx/gui/common/schematic/DialogPathSchematicAddPaths.tcl
/home/isa21_2021_2022/labs/ISAL2/syn/script_syn.bash
/software/dk/nangate45/synopsys/NangateOpenCellLibrary_typical_ecsm_nowlm.db
/software/synopsys/syn_current_64.18/libraries/syn/dw_foundation.sldb
/software/synopsys/syn_current_64.18/libraries/syn/gtech.db
/software/synopsys/syn_current_64.18/libraries/syn/standard.sldb
/home/isa21_2021_2022/labs/ISAL2/fpuvhdl/common/fpnormalize_fpnormalize.vhd
/home/isa21_2021_2022/labs/ISAL2/fpuvhdl/common/fpround_fpround.vhd
/home/isa21_2021_2022/labs/ISAL2/fpuvhdl/common/packfp_packfp.vhd
/home/isa21_2021_2022/labs/ISAL2/fpuvhdl/common/unpackfp_unpackfp.vhd
/home/isa21_2021_2022/labs/ISAL2/fpuvhdl/adder/fpadd_normalize_struct.vhd
/home/isa21_2021_2022/labs/ISAL2/fpuvhdl/adder/fpadd_pipeline.vhd
/home/isa21_2021_2022/labs/ISAL2/fpuvhdl/adder/fpadd_stage1_struct.vhd
/home/isa21_2021_2022/labs/ISAL2/fpuvhdl/adder/fpadd_stage2_struct.vhd
/home/isa21_2021_2022/labs/ISAL2/fpuvhdl/adder/fpadd_stage3_struct.vhd
/home/isa21_2021_2022/labs/ISAL2/fpuvhdl/adder/fpadd_stage4_struct.vhd
/home/isa21_2021_2022/labs/ISAL2/fpuvhdl/adder/fpadd_stage5_struct.vhd
/home/isa21_2021_2022/labs/ISAL2/fpuvhdl/adder/fpadd_stage6_struct.vhd
/home/isa21_2021_2022/labs/ISAL2/fpuvhdl/adder/fpalign_struct.vhd
/home/isa21_2021_2022/labs/ISAL2/fpuvhdl/adder/fpinvert_fpinvert.vhd
/home/isa21_2021_2022/labs/ISAL2/fpuvhdl/adder/fplzc_fplzc.vhd
/home/isa21_2021_2022/labs/ISAL2/fpuvhdl/adder/fpselcomplement_fpselcomplement.vhd
/home/isa21_2021_2022/labs/ISAL2/fpuvhdl/adder/fpswap_fpswap.vhd
/home/isa21_2021_2022/labs/ISAL2/fpuvhdl/multiplier/fpmul_pipeline.vhd
/home/isa21_2021_2022/labs/ISAL2/fpuvhdl/multiplier/fpmul_stage1_struct.vhd
/home/isa21_2021_2022/labs/ISAL2/fpuvhdl/multiplier/fpmul_stage2_struct.vhd
/home/isa21_2021_2022/labs/ISAL2/fpuvhdl/multiplier/fpmul_stage3_struct.vhd
/home/isa21_2021_2022/labs/ISAL2/fpuvhdl/multiplier/fpmul_stage4_struct.vhd
/home/isa21_2021_2022/labs/ISAL2/fpuvhdl/multiplier/fd.vhd
/home/isa21_2021_2022/labs/ISAL2/fpuvhdl/multiplier/register.vhd
/home/isa21_2021_2022/labs/ISAL2/fpuvhdl/common/fpnormalize_fpnormalize.vhd
/home/isa21_2021_2022/labs/ISAL2/fpuvhdl/common/fpround_fpround.vhd
/home/isa21_2021_2022/labs/ISAL2/fpuvhdl/common/packfp_packfp.vhd
/home/isa21_2021_2022/labs/ISAL2/fpuvhdl/common/unpackfp_unpackfp.vhd
/home/isa21_2021_2022/labs/ISAL2/fpuvhdl/adder/fpadd_normalize_struct.vhd
/home/isa21_2021_2022/labs/ISAL2/fpuvhdl/adder/fpadd_pipeline.vhd
/home/isa21_2021_2022/labs/ISAL2/fpuvhdl/adder/fpadd_stage1_struct.vhd
/home/isa21_2021_2022/labs/ISAL2/fpuvhdl/adder/fpadd_stage2_struct.vhd
/home/isa21_2021_2022/labs/ISAL2/fpuvhdl/adder/fpadd_stage3_struct.vhd
/home/isa21_2021_2022/labs/ISAL2/fpuvhdl/adder/fpadd_stage4_struct.vhd
/home/isa21_2021_2022/labs/ISAL2/fpuvhdl/adder/fpadd_stage5_struct.vhd
/home/isa21_2021_2022/labs/ISAL2/fpuvhdl/adder/fpadd_stage6_struct.vhd
/home/isa21_2021_2022/labs/ISAL2/fpuvhdl/adder/fpalign_struct.vhd
/home/isa21_2021_2022/labs/ISAL2/fpuvhdl/adder/fpinvert_fpinvert.vhd
/home/isa21_2021_2022/labs/ISAL2/fpuvhdl/adder/fplzc_fplzc.vhd
/home/isa21_2021_2022/labs/ISAL2/fpuvhdl/adder/fpselcomplement_fpselcomplement.vhd
/home/isa21_2021_2022/labs/ISAL2/fpuvhdl/adder/fpswap_fpswap.vhd
/home/isa21_2021_2022/labs/ISAL2/fpuvhdl/multiplier/fpmul_pipeline.vhd
/home/isa21_2021_2022/labs/ISAL2/fpuvhdl/multiplier/fpmul_stage1_struct.vhd
/home/isa21_2021_2022/labs/ISAL2/fpuvhdl/multiplier/fpmul_stage2_struct.vhd
/home/isa21_2021_2022/labs/ISAL2/fpuvhdl/multiplier/fpmul_stage3_struct.vhd
/home/isa21_2021_2022/labs/ISAL2/fpuvhdl/multiplier/fpmul_stage4_struct.vhd
/home/isa21_2021_2022/labs/ISAL2/fpuvhdl/multiplier/fd.vhd
/home/isa21_2021_2022/labs/ISAL2/fpuvhdl/multiplier/register.vhd
/home/isa21_2021_2022/synopsys_cache_O-2018.06-SP4/DW01/DW01_MUX/str/NangateOpenCellLibrary_typical_ecsm_nowlm_5697_8167_4702/element.ddc
/home/isa21_2021_2022/synopsys_cache_O-2018.06-SP4/DW01/DW01_mmux/str/2/NangateOpenCellLibrary_typical_ecsm_nowlm_5697_8167_4702/element.ddc
/home/isa21_2021_2022/synopsys_cache_O-2018.06-SP4/DW01/DW01_mmux/str/3/NangateOpenCellLibrary_typical_ecsm_nowlm_5697_8167_4702/element.ddc
/home/isa21_2021_2022/synopsys_cache_O-2018.06-SP4/DW01/DW01_mmux/str/4/NangateOpenCellLibrary_typical_ecsm_nowlm_5697_8167_4702/element.ddc
/home/isa21_2021_2022/synopsys_cache_O-2018.06-SP4/DW01/DW01_mmux/str/5/NangateOpenCellLibrary_typical_ecsm_nowlm_5697_8167_4702/element.ddc
/home/isa21_2021_2022/synopsys_cache_O-2018.06-SP4/DW01/DW01_NOT/str/NangateOpenCellLibrary_typical_ecsm_nowlm_5697_8167_4702/element.ddc
/home/isa21_2021_2022/synopsys_cache_O-2018.06-SP4/DW01/DW01_add/rpl/8/NangateOpenCellLibrary_typical_ecsm_nowlm_5697_8167_4702/element.ddc
/home/isa21_2021_2022/synopsys_cache_O-2018.06-SP4/DW01/DW01_inc/rpl/25/NangateOpenCellLibrary_typical_ecsm_nowlm_5697_8167_4702/element.ddc
/home/isa21_2021_2022/synopsys_cache_O-2018.06-SP4/DW01/DW01_add/rpl/25/NangateOpenCellLibrary_typical_ecsm_nowlm_5697_8167_4702/element.ddc
/home/isa21_2021_2022/synopsys_cache_O-2018.06-SP4/DW01/DW01_incdec/rpl/25/NangateOpenCellLibrary_typical_ecsm_nowlm_5697_8167_4702/element.ddc
/home/isa21_2021_2022/synopsys_cache_O-2018.06-SP4/DW01/DW01_inc/rpl/8/NangateOpenCellLibrary_typical_ecsm_nowlm_5697_8167_4702/element.ddc
/home/isa21_2021_2022/synopsys_cache_O-2018.06-SP4/DW02/DW_mult_uns/pparch/32/32/NangateOpenCellLibrary_typical_ecsm_nowlm_5697_8167_4702/element.ddc
/home/isa21_2021_2022/synopsys_cache_O-2018.06-SP4/DW02/DW_mult_uns/apparch/32/32/NangateOpenCellLibrary_typical_ecsm_nowlm_5697_8167_4702/element.ddc
/home/isa21_2021_2022/synopsys_cache_O-2018.06-SP4/DW02/DW02_mult/csa/32/32/NangateOpenCellLibrary_typical_ecsm_nowlm_5697_8167_4702/element.ddc
/home/isa21_2021_2022/synopsys_cache_O-2018.06-SP4/DW02/DW02_mult/apparch/32/32/NangateOpenCellLibrary_typical_ecsm_nowlm_5697_8167_4702/element.ddc
/home/isa21_2021_2022/synopsys_cache_O-2018.06-SP4/DW01/DW01_add/rpl/8/NangateOpenCellLibrary_typical_ecsm_nowlm_5697/element.ddc
/home/isa21_2021_2022/synopsys_cache_O-2018.06-SP4/DW01/DW01_inc/rpl/25/NangateOpenCellLibrary_typical_ecsm_nowlm_5697/element.ddc
/software/dk/nangate45/synopsys/NangateOpenCellLibrary_typical_ecsm_nowlm.db
/home/isa21_2021_2022/labs/ISAL2/syn/script_syn.bash
/home/isa21_2021_2022/labs/ISAL2/fpuvhdl/common/fpnormalize_fpnormalize.vhd
/home/isa21_2021_2022/labs/ISAL2/fpuvhdl/common/fpround_fpround.vhd
/home/isa21_2021_2022/labs/ISAL2/fpuvhdl/common/packfp_packfp.vhd
/home/isa21_2021_2022/labs/ISAL2/fpuvhdl/common/unpackfp_unpackfp.vhd
/home/isa21_2021_2022/labs/ISAL2/fpuvhdl/adder/fpadd_normalize_struct.vhd
/home/isa21_2021_2022/labs/ISAL2/fpuvhdl/adder/fpadd_pipeline.vhd
/home/isa21_2021_2022/labs/ISAL2/fpuvhdl/adder/fpadd_stage1_struct.vhd
/home/isa21_2021_2022/labs/ISAL2/fpuvhdl/adder/fpadd_stage2_struct.vhd
/home/isa21_2021_2022/labs/ISAL2/fpuvhdl/adder/fpadd_stage3_struct.vhd
/home/isa21_2021_2022/labs/ISAL2/fpuvhdl/adder/fpadd_stage4_struct.vhd
/home/isa21_2021_2022/labs/ISAL2/fpuvhdl/adder/fpadd_stage5_struct.vhd
/home/isa21_2021_2022/labs/ISAL2/fpuvhdl/adder/fpadd_stage6_struct.vhd
/home/isa21_2021_2022/labs/ISAL2/fpuvhdl/adder/fpalign_struct.vhd
/home/isa21_2021_2022/labs/ISAL2/fpuvhdl/adder/fpinvert_fpinvert.vhd
/home/isa21_2021_2022/labs/ISAL2/fpuvhdl/adder/fplzc_fplzc.vhd
/home/isa21_2021_2022/labs/ISAL2/fpuvhdl/adder/fpselcomplement_fpselcomplement.vhd
/home/isa21_2021_2022/labs/ISAL2/fpuvhdl/adder/fpswap_fpswap.vhd
/home/isa21_2021_2022/labs/ISAL2/fpuvhdl/multiplier/fpmul_pipeline.vhd
/home/isa21_2021_2022/labs/ISAL2/fpuvhdl/multiplier/fpmul_stage1_struct.vhd
/home/isa21_2021_2022/labs/ISAL2/fpuvhdl/multiplier/fpmul_stage2_struct.vhd
/home/isa21_2021_2022/labs/ISAL2/fpuvhdl/multiplier/fpmul_stage3_struct.vhd
/home/isa21_2021_2022/labs/ISAL2/fpuvhdl/multiplier/fpmul_stage4_struct.vhd
/home/isa21_2021_2022/labs/ISAL2/fpuvhdl/multiplier/fd.vhd
/home/isa21_2021_2022/labs/ISAL2/fpuvhdl/multiplier/register.vhd
/home/isa21_2021_2022/labs/ISAL2/fpuvhdl/common/fpnormalize_fpnormalize.vhd
/home/isa21_2021_2022/labs/ISAL2/fpuvhdl/common/fpround_fpround.vhd
/home/isa21_2021_2022/labs/ISAL2/fpuvhdl/common/packfp_packfp.vhd
/home/isa21_2021_2022/labs/ISAL2/fpuvhdl/common/unpackfp_unpackfp.vhd
/home/isa21_2021_2022/labs/ISAL2/fpuvhdl/adder/fpadd_normalize_struct.vhd
/home/isa21_2021_2022/labs/ISAL2/fpuvhdl/adder/fpadd_pipeline.vhd
/home/isa21_2021_2022/labs/ISAL2/fpuvhdl/adder/fpadd_stage1_struct.vhd
/home/isa21_2021_2022/labs/ISAL2/fpuvhdl/adder/fpadd_stage2_struct.vhd
/home/isa21_2021_2022/labs/ISAL2/fpuvhdl/adder/fpadd_stage3_struct.vhd
/home/isa21_2021_2022/labs/ISAL2/fpuvhdl/adder/fpadd_stage4_struct.vhd
/home/isa21_2021_2022/labs/ISAL2/fpuvhdl/adder/fpadd_stage5_struct.vhd
/home/isa21_2021_2022/labs/ISAL2/fpuvhdl/adder/fpadd_stage6_struct.vhd
/home/isa21_2021_2022/labs/ISAL2/fpuvhdl/adder/fpalign_struct.vhd
/home/isa21_2021_2022/labs/ISAL2/fpuvhdl/adder/fpinvert_fpinvert.vhd
/home/isa21_2021_2022/labs/ISAL2/fpuvhdl/adder/fplzc_fplzc.vhd
/home/isa21_2021_2022/labs/ISAL2/fpuvhdl/adder/fpselcomplement_fpselcomplement.vhd
/home/isa21_2021_2022/labs/ISAL2/fpuvhdl/adder/fpswap_fpswap.vhd
/home/isa21_2021_2022/labs/ISAL2/fpuvhdl/multiplier/fpmul_pipeline.vhd
/home/isa21_2021_2022/labs/ISAL2/fpuvhdl/multiplier/fpmul_stage1_struct.vhd
/home/isa21_2021_2022/labs/ISAL2/fpuvhdl/multiplier/fpmul_stage2_struct.vhd
/home/isa21_2021_2022/labs/ISAL2/fpuvhdl/multiplier/fpmul_stage3_struct.vhd
/home/isa21_2021_2022/labs/ISAL2/fpuvhdl/multiplier/fpmul_stage4_struct.vhd
/home/isa21_2021_2022/labs/ISAL2/fpuvhdl/multiplier/fd.vhd
/home/isa21_2021_2022/labs/ISAL2/fpuvhdl/multiplier/register.vhd
/home/isa21_2021_2022/synopsys_cache_O-2018.06-SP4/DW01/DW01_add/rpl/8/NangateOpenCellLibrary_typical_ecsm_nowlm_5697/element.ddc
/home/isa21_2021_2022/synopsys_cache_O-2018.06-SP4/DW01/DW01_inc/rpl/25/NangateOpenCellLibrary_typical_ecsm_nowlm_5697/element.ddc
/home/isa21_2021_2022/synopsys_cache_O-2018.06-SP4/DW02/DW_mult_uns/apparch/32/32/NangateOpenCellLibrary_typical_ecsm_nowlm_5697_8167_4702/element.ddc
/home/isa21_2021_2022/synopsys_cache_O-2018.06-SP4/DW01/DW01_inc/rpl/25/NangateOpenCellLibrary_typical_ecsm_nowlm_5697/element.ddc
/home/isa21_2021_2022/synopsys_cache_O-2018.06-SP4/DW01/DW01_NAND2/str/NangateOpenCellLibrary_typical_ecsm_nowlm_5697/element.ddc
/software/dk/nangate45/synopsys/NangateOpenCellLibrary_typical_ecsm_nowlm.db
